2026-05-09 14:16:44,596 | INFO | ============================================================
2026-05-09 14:16:44,596 | INFO | Starting exposure variable pipeline
2026-05-09 14:16:44,596 | INFO | ============================================================
2026-05-09 14:16:44,597 | INFO | Step 1: Loading EUROMOD output files
2026-05-09 14:16:44,597 | INFO | Loading RMI 2017 → input_data/euromod_output/es_2017_std.txt
2026-05-09 14:16:53,886 | INFO | RMI 2017: loaded 34911 persons, 322 columns
2026-05-09 14:16:53,886 | INFO | Loading IMV 2017 → input_data/euromod_output/IMV_2022ruleson2017.txt
2026-05-09 14:17:04,624 | INFO | IMV 2017: loaded 34911 persons, 375 columns
2026-05-09 14:17:04,625 | INFO | Loading RMI 2018 → input_data/euromod_output/es_2018_std.txt
2026-05-09 14:17:13,751 | INFO | RMI 2018: loaded 33734 persons, 340 columns
2026-05-09 14:17:13,751 | INFO | Loading IMV 2018 → input_data/euromod_output/IMV_2022ruleson2018.txt
2026-05-09 14:17:23,934 | INFO | IMV 2018: loaded 33734 persons, 375 columns
2026-05-09 14:17:23,934 | INFO | Loading RMI 2019 → input_data/euromod_output/es_2019_std.txt
2026-05-09 14:17:34,995 | INFO | RMI 2019: loaded 39852 persons, 343 columns
2026-05-09 14:17:34,995 | INFO | Loading IMV 2019 → input_data/euromod_output/IMV_2022ruleson2019.txt
2026-05-09 14:17:47,018 | INFO | IMV 2019: loaded 39852 persons, 375 columns
2026-05-09 14:17:47,018 | INFO | Step 2: Validating IMV counterfactual simulation
2026-05-09 14:17:47,018 | INFO | ==================================================
2026-05-09 14:17:47,018 | INFO | Validating IMV simulation — year 2017
2026-05-09 14:17:47,040 | INFO | [WARN] Test 1 — Benefit bounds 2017: mean=€480.80, below_floor=0, above_max=17
2026-05-09 14:17:47,268 | INFO | [WARN] Test 2 — Monotonicity 2017: rho=-0.033 (p=0.5851)
2026-05-09 14:17:47,364 | INFO | [PASS] Test 3 — Income means test 2017: mean_yds_rec=€4820 vs non_rec=€9409 (p=0.0000)
2026-05-09 14:17:47,384 | INFO | [PASS] Test 6 — Formula plausibility 2017: mean_single=€379.13 vs statutory=€469.93 (diff=19.3%)
2026-05-09 14:17:47,385 | INFO | ==================================================
2026-05-09 14:17:47,385 | INFO | Validating IMV simulation — year 2018
2026-05-09 14:17:47,397 | INFO | [WARN] Test 1 — Benefit bounds 2018: mean=€465.44, below_floor=0, above_max=6
2026-05-09 14:17:47,424 | INFO | [WARN] Test 2 — Monotonicity 2018: rho=-0.266 (p=0.0000)
2026-05-09 14:17:47,560 | INFO | [PASS] Test 3 — Income means test 2018: mean_yds_rec=€5500 vs non_rec=€9530 (p=0.0000)
2026-05-09 14:17:47,582 | INFO | [PASS] Test 6 — Formula plausibility 2018: mean_single=€530.40 vs statutory=€469.93 (diff=12.9%)
2026-05-09 14:17:47,582 | INFO | ==================================================
2026-05-09 14:17:47,582 | INFO | Validating IMV simulation — year 2019
2026-05-09 14:17:47,598 | INFO | [WARN] Test 1 — Benefit bounds 2019: mean=€434.20, below_floor=0, above_max=12
2026-05-09 14:17:47,625 | INFO | [WARN] Test 2 — Monotonicity 2019: rho=-0.097 (p=0.0732)
2026-05-09 14:17:47,759 | INFO | [PASS] Test 3 — Income means test 2019: mean_yds_rec=€5350 vs non_rec=€9562 (p=0.0000)
2026-05-09 14:17:47,784 | INFO | [PASS] Test 6 — Formula plausibility 2019: mean_single=€390.01 vs statutory=€469.93 (diff=17.0%)
2026-05-09 14:17:47,804 | INFO | [PASS] Test 4 — KS consistency 2017 vs 2018: stat=0.0464 (p=0.9118)
2026-05-09 14:17:47,822 | INFO | [PASS] Test 4 — KS consistency 2018 vs 2019: stat=0.0479 (p=0.8574)
2026-05-09 14:17:47,866 | INFO | [WARN] Test 5 — Regional rank 2017 vs 2018: rho=0.414 (p=0.0983)
2026-05-09 14:17:47,905 | INFO | [WARN] Test 5 — Regional rank 2018 vs 2019: rho=0.081 (p=0.7576)
2026-05-09 14:17:47,909 | INFO | Validation report saved → output/exposure/imv_validation_report.csv
2026-05-09 14:17:47,910 | INFO | Validation summary: 8/16 tests passed
2026-05-09 14:17:47,910 | INFO | Validation complete: 8/16 tests passed
2026-05-09 14:17:47,915 | WARNING | Failed tests:
                     test   year
           benefit_bounds 2017.0
             monotonicity 2017.0
           benefit_bounds 2018.0
             monotonicity 2018.0
           benefit_bounds 2019.0
             monotonicity 2019.0
regional_rank_consistency    NaN
regional_rank_consistency    NaN
2026-05-09 14:17:47,915 | INFO | Step 3: Computing household-level gains
2026-05-09 14:17:47,938 | INFO | Year 2017: excluded 2172 persons from regions [23, 24]
2026-05-09 14:17:47,940 | INFO | Year 2017: computed gain for 32739 persons | mean gain=€4.06 | positive=1.4% | negative=0.4%
2026-05-09 14:17:47,968 | INFO | Year 2018: excluded 2114 persons from regions [23, 24]
2026-05-09 14:17:47,969 | INFO | Year 2018: computed gain for 31620 persons | mean gain=€3.50 | positive=1.4% | negative=0.3%
2026-05-09 14:17:47,989 | INFO | Year 2019: excluded 2370 persons from regions [23, 24]
2026-05-09 14:17:47,990 | INFO | Year 2019: computed gain for 37482 persons | mean gain=€3.86 | positive=1.4% | negative=0.3%
2026-05-09 14:17:47,993 | INFO | Pooled gain dataset: 101841 person-year observations across 3 years
2026-05-09 14:17:48,001 | INFO | Pooled gain summary: mean=€3.81 | median=€0.00 | p25=€0.00 | p75=€0.00 | min=€-1017.00 | max=€1519.80
2026-05-09 14:17:48,001 | INFO | Step 4: Computing regional exposure index
2026-05-09 14:17:48,052 | INFO | Regional exposure index computed for 17 regions
2026-05-09 14:17:48,053 | INFO | Exposure range: €-0.00 to €7.89
2026-05-09 14:17:48,054 | INFO | Regions with positive exposure (IMV > pre-reform RMI): 16
2026-05-09 14:17:48,054 | INFO | Regions with negative exposure (IMV < pre-reform RMI): 0
2026-05-09 14:17:48,054 | INFO | 
Regional exposure index:
2026-05-09 14:17:48,066 | INFO | 
                    region  drgn2  exposure  mean_gain_pre  mean_total_post
      Comunitat Valenciana     52      7.89           1.27             9.16
           Ciudad de Ceuta     63      6.46           0.00             6.46
                  Canarias     70      6.31           1.64             7.95
                  Cataluña     51      5.93           2.55             8.47
                 Andalucía     61      5.40           0.63             6.03
               Extremadura     43      4.96           3.57             8.52
          Región de Murcia     62      3.87           0.45             4.32
                   Galicia     11      3.01           1.33             4.33
Comunidad Foral de Navarra     22      2.40          12.98            15.38
        Castilla-La Mancha     42      2.32           0.43             2.75
    Principado de Asturias     12      2.08           9.74            11.82
           Castilla y León     41      1.95           2.39             4.34
       Comunidad de Madrid     30      0.76           2.01             2.77
                País Vasco     21      0.57          16.95            17.52
             Illes Balears     53      0.51           1.31             1.83
                 Cantabria     13      0.30           4.35             4.65
         Ciudad de Melilla     64     -0.00           2.64             2.64
2026-05-09 14:17:48,066 | INFO | Step 5: Saving outputs
2026-05-09 14:17:48,068 | INFO | Exposure index saved → output/exposure/exposure_index.csv
2026-05-09 14:17:48,470 | INFO | Household gains saved → output/exposure/household_gains.csv
2026-05-09 14:17:49,042 | INFO | Exposure plot saved → output/exposure/exposure_index.png
2026-05-09 14:17:49,042 | INFO | ============================================================
2026-05-09 14:17:49,042 | INFO | Exposure variable pipeline complete.
2026-05-09 14:17:49,042 | INFO | Outputs saved to: /workspaces/IMVmasterthesis/output/exposure
2026-05-09 14:17:49,042 | INFO | ============================================================
